[2025-11-06 15:51:30] [FAILED] Order failed: Invalid Broker ID format
[2025-11-11 11:32:53] [FAILED] Order failed: Invalid Broker ID format
[2025-11-11 11:34:03] [FAILED] Query client failed: Client not found: 2330-12345678
[2025-11-11 13:20:34] [FAILED] Order failed: Invalid Broker ID format
[2025-11-11 13:29:39] [FAILED] Order failed: Invalid Broker ID format
[2025-11-11 13:33:13] [FAILED] Order failed: Invalid Broker ID format
[2025-11-11 13:50:06] [FAILED] Order failed: Invalid check digit for the given BrokerId and input accountNumStr.
[2025-11-11 14:20:20] [FAILED] Order failed: Invalid check digit for the given BrokerId and input accountNumStr.
[2025-11-11 14:28:46] [FAILED] Order failed: Invalid check digit for the given BrokerId and input accountNumStr.
[2025-11-11 14:35:16] [FAILED] Order failed: Invalid check digit for the given BrokerId and input accountNumStr.
[2025-11-11 14:41:03] [FAILED] Order failed: Invalid check digit for the given BrokerId and input accountNumStr.
[2025-11-11 15:09:45] [FAILED] Order failed: Stock ID not found: 2330
[2025-11-11 15:23:30] [FAILED] Order failed: Stock ID not found: 2330
[2025-11-11 15:27:12] [FAILED] Order failed: Stock ID not found: 2330
[2025-11-11 15:39:05] [FAILED] Order failed: Stock ID not found: 2330
[2025-11-11 15:42:08] [FAILED] Order failed: Stock ID not found: 2330
[2025-11-11 15:47:52] [FAILED] Order failed: Stock ID not found: 2330
[2025-11-11 15:56:57] [FAILED] Order failed: 2330   => StockID must be consist of 4~6 character of alphanumber.
[2025-11-11 16:00:28] [FAILED] Order failed: Invalid stage string: N
[2025-11-11 22:19:45] [FAILED] Order failed:  => StockID must be consist of 4~6 character of alphanumber.
[2025-11-11 22:31:14] [FAILED] Order failed:  => StockID must be consist of 4~6 character of alphanumber.
[2025-11-11 22:34:37] [FAILED] Order failed:  => StockID must be consist of 4~6 character of alphanumber.
[2025-11-11 22:37:54] [FAILED] Order failed:  => StockID must be consist of 4~6 character of alphanumber.
[2025-11-11 23:30:01] [FAILED] Order failed: [json.exception.type_error.302] type must be number, but is string
[2025-11-11 23:32:37] [FAILED] Order failed: [json.exception.type_error.302] type must be number, but is string
[2025-11-11 23:33:36] [FAILED] Order failed: [json.exception.type_error.302] type must be number, but is string
[2025-11-11 23:35:42] [FAILED] Order failed: [json.exception.type_error.302] type must be number, but is string
==========================================
[2025-11-11 23:40:43]
Broker ID: 9800
Account: 1234568
Stock ID: 2330  
Price: 333.0000
Quantity: 22
Order Type: SELL
Price Type: Limit
Status: SUCCESS
==========================================

[2025-11-12 00:05:32] [FAILED] Order failed: Limit price is out of bounds.
[2025-11-12 00:09:02] [FAILED] Order failed: Limit price is out of bounds.
==========================================
[2025-11-12 00:10:12]
Broker ID: 9800
Account: 1234568
Stock ID: 2330
Price: 550.0000
Quantity: 22
Order Type: SELL
Price Type: Limit
Status: SUCCESS
==========================================

